<?xml version="1.0" encoding="UTF-8"?>
<!-- Generated by org.testng.reporters.JUnitXMLReporter -->
<testsuite ignored="1" hostname="LAPTOP-SBK3ALQV" failures="8" tests="24" name="Test" time="45.187" errors="0" timestamp="06 Dec 2023 09:36:00 GMT">
  <testcase classname="testNGScripts.TNG7" name="sevenhills" time="1.018">
    <failure type="org.testng.internal.thread.ThreadTimeoutException" message="Method testNGScripts.TNG7.sevenhills() didn&amp;apos;t finish within the time-out 1000">
      <![CDATA[org.testng.internal.thread.ThreadTimeoutException: Method testNGScripts.TNG7.sevenhills() didn't finish within the time-out 1000
at java.base@17.0.8/java.io.FileOutputStream.writeBytes(Native Method)
at java.base@17.0.8/java.io.FileOutputStream.write(FileOutputStream.java:349)
at java.base@17.0.8/java.io.BufferedOutputStream.flushBuffer(BufferedOutputStream.java:81)
at java.base@17.0.8/java.io.BufferedOutputStream.flush(BufferedOutputStream.java:142)
at java.base@17.0.8/java.io.PrintStream.write(PrintStream.java:570)
at java.base@17.0.8/sun.nio.cs.StreamEncoder.writeBytes(StreamEncoder.java:234)
at java.base@17.0.8/sun.nio.cs.StreamEncoder.implFlushBuffer(StreamEncoder.java:313)
at java.base@17.0.8/sun.nio.cs.StreamEncoder.flushBuffer(StreamEncoder.java:111)
at java.base@17.0.8/java.io.OutputStreamWriter.flushBuffer(OutputStreamWriter.java:178)
at java.base@17.0.8/java.io.PrintStream.writeln(PrintStream.java:723)
at java.base@17.0.8/java.io.PrintStream.println(PrintStream.java:1028)
at app//testNGScripts.TNG7.sevenhills(TNG7.java:10)
at java.base@17.0.8/java.util.concurrent.Executors$RunnableAdapter.call(Executors.java:539)
at java.base@17.0.8/java.util.concurrent.FutureTask.run(FutureTask.java:264)
at java.base@17.0.8/java.util.concurrent.ThreadPoolExecutor.runWorker(ThreadPoolExecutor.java:1136)
at java.base@17.0.8/java.util.concurrent.ThreadPoolExecutor$Worker.run(ThreadPoolExecutor.java:635)
at java.base@17.0.8/java.lang.Thread.run(Thread.java:833)
... Removed 6 stack frames]]>
    </failure>
  </testcase> <!-- sevenhills -->
  <testcase classname="testNGScripts.TNG9" name="method3" time="0.012">
    <failure type="java.lang.AssertionError" message="The following asserts failed:
	expected [true] but found [false]">
      <![CDATA[java.lang.AssertionError: The following asserts failed:
expected [true] but found [false]
at testNGScripts.TNG9.method3(TNG9.java:17)
... Removed 26 stack frames]]>
    </failure>
  </testcase> <!-- method3 -->
  <testcase classname="testNGScripts.TNG9" name="method4" time="0.0">
    <failure type="org.testng.TestNGException" message="
Parameter &amp;apos;email&amp;apos; is required by @Test on method method4 but has not been marked @Optional or defined
in C:\Users\lalitha madhuri\Documents\batch03\sdetpom\maduri.xml">
      <![CDATA[org.testng.TestNGException: 
Parameter 'email' is required by @Test on method method4 but has not been marked @Optional or defined
in C:\Users\lalitha madhuri\Documents\batch03\sdetpom\maduri.xml
... Removed 24 stack frames]]>
    </failure>
  </testcase> <!-- method4 -->
  <testcase classname="testNGScripts.TNG8" name="method" time="0.003">
    <failure type="java.lang.AssertionError" message="Please check the values madhuri expected [true] but found [false]">
      <![CDATA[java.lang.AssertionError: Please check the values madhuri expected [true] but found [false]
at testNGScripts.TNG8.method(TNG8.java:13)
... Removed 30 stack frames]]>
    </failure>
  </testcase> <!-- method -->
  <testcase classname="testNGScripts.TNG3" name="ncLogin" time="11.743"/>
  <testcase classname="testNGScripts.TNG2" name="ex2testMethod1" time="0.002"/>
  <testcase classname="testNGScripts.TNG2" name="testMethod" time="0.002"/>
  <testcase classname="testNGScripts.TNG5" name="method1" time="0.001">
    <failure type="java.lang.AssertionError" message="null">
      <![CDATA[java.lang.AssertionError: null
at testNGScripts.TNG5.method1(TNG5.java:11)
... Removed 27 stack frames]]>
    </failure>
  </testcase> <!-- method1 -->
  <testcase classname="testNGScripts.TNG4" name="krishna" time="0.001">
    <failure type="java.lang.AssertionError" message="null">
      <![CDATA[java.lang.AssertionError: null
at testNGScripts.TNG4.krishna(TNG4.java:17)
... Removed 27 stack frames]]>
    </failure>
  </testcase> <!-- krishna -->
  <testcase classname="testNGScripts.TNG4" name="radha" time="0.001">
    <failure type="java.lang.AssertionError" message="null">
      <![CDATA[java.lang.AssertionError: null
at testNGScripts.TNG4.radha(TNG4.java:11)
... Removed 27 stack frames]]>
    </failure>
  </testcase> <!-- radha -->
  <testcase classname="testNGScripts.TNG1" name="ex1testMethod1" time="0.002"/>
  <testcase classname="testNGScripts.TNG1" name="testMethod2" time="0.002"/>
  <testcase classname="testNGScripts.TNG11" name="facebookmethod" time="10.977">
    <failure type="org.openqa.selenium.remote.http.ConnectionFailedException" message="Unable to establish websocket connection to http://127.0.0.1:19869/devtools/browser/10975400-77db-4aa2-9bcf-75d138441ea4
Build info: version: &amp;apos;4.12.1&amp;apos;, revision: &amp;apos;8e34639b11&amp;apos;
System info: os.name: &amp;apos;Windows 11&amp;apos;, os.arch: &amp;apos;amd64&amp;apos;, os.version: &amp;apos;10.0&amp;apos;, java.version: &amp;apos;17.0.8&amp;apos;
Driver info: driver.version: FirefoxDriver">
      <![CDATA[org.openqa.selenium.remote.http.ConnectionFailedException: Unable to establish websocket connection to http://127.0.0.1:19869/devtools/browser/10975400-77db-4aa2-9bcf-75d138441ea4
Build info: version: '4.12.1', revision: '8e34639b11'
System info: os.name: 'Windows 11', os.arch: 'amd64', os.version: '10.0', java.version: '17.0.8'
Driver info: driver.version: FirefoxDriver
at org.openqa.selenium.remote.http.netty.NettyWebSocket.<init>(NettyWebSocket.java:116)
at org.openqa.selenium.remote.http.netty.NettyWebSocket.lambda$create$3(NettyWebSocket.java:147)
at org.openqa.selenium.remote.http.netty.NettyClient.openSocket(NettyClient.java:104)
at org.openqa.selenium.devtools.Connection.<init>(Connection.java:83)
at org.openqa.selenium.firefox.FirefoxDriver.maybeGetDevTools(FirefoxDriver.java:334)
at org.openqa.selenium.remote.RemoteWebDriver.quit(RemoteWebDriver.java:430)
at org.openqa.selenium.firefox.FirefoxDriver.quit(FirefoxDriver.java:392)
at testNGScripts.TNG11.facebookmethod(TNG11.java:21)
... Removed 25 stack frames]]>
    </failure>
  </testcase> <!-- facebookmethod -->
  <testcase classname="testNGScripts.TNG11" name="googlemethod" time="7.048"/>
  <testcase classname="testNGScripts.TNG11" name="linkedinmethod" time="8.361"/>
  <testcase classname="testNGScripts.TNG10" name="testmethod" time="0.001"/>
  <testcase classname="testNGScripts.TNG10" name="testmethod" time="0.001"/>
  <testcase classname="testNGScripts.TNG10" name="testmethod" time="0.001"/>
  <testcase classname="testNGScripts.TNG5" name="method2" time="0.0">
    <skipped/>
  </testcase> <!-- method2 -->
  <testcase classname="testNGScripts.TNG4" name="rukmini" time="0.0">
    <skipped/>
  </testcase> <!-- rukmini -->
  <testcase classname="testNGScripts.TNG4" name="satyabhama" time="0.001">
    <skipped/>
  </testcase> <!-- satyabhama -->
  <testcase classname="testNGScripts.TNG6" name="sindhuja" time="0.001"/>
  <testcase classname="testNGScripts.TNG6" name="lalitha" time="0.001"/>
  <testcase classname="testNGScripts.TNG6" name="praveen" time="0.001"/>
  <testcase classname="testNGScripts.TNG6" name="asatyavani" time="0.0">
    <ignored/>
  </testcase> <!-- asatyavani -->
</testsuite> <!-- Test -->
